<?xml version="1.0" encoding="UTF-8"?>
<!-- Generated by org.testng.reporters.JUnitReportReporter -->
<testsuite hostname="LTIN520502" failures="0" tests="10" name="newsAroundCognizant.TestBeCognizant" time="154.944" errors="0" timestamp="2024-04-30T09:32:44 IST" skipped="0">
  <testcase classname="newsAroundCognizant.TestBeCognizant" name="testUser" time="7.928"/>
  <testcase classname="newsAroundCognizant.TestBeCognizant" name="testUser" time="7.465"/>
  <testcase classname="newsAroundCognizant.TestBeCognizant" name="testUserDetails" time="5.592"/>
  <testcase classname="newsAroundCognizant.TestBeCognizant" name="testUserDetails" time="5.545"/>
  <testcase classname="newsAroundCognizant.TestBeCognizant" name="AroundCognizant" time="2.939"/>
  <testcase classname="newsAroundCognizant.TestBeCognizant" name="AroundCognizant" time="3.252"/>
  <testcase classname="newsAroundCognizant.TestBeCognizant" name="seeAllNaviagtion" time="7.107"/>
  <testcase classname="newsAroundCognizant.TestBeCognizant" name="seeAllNaviagtion" time="7.684"/>
  <testcase classname="newsAroundCognizant.TestBeCognizant" name="seeAllNewsHeader" time="53.761"/>
  <testcase classname="newsAroundCognizant.TestBeCognizant" name="seeAllNewsHeader" time="53.671"/>
</testsuite> <!-- newsAroundCognizant.TestBeCognizant -->
