<?xml version="1.0" encoding="UTF-8"?>
<!-- Generated by org.testng.reporters.JUnitReportReporter -->
<testsuite hostname="LTIN368543" failures="0" tests="10" name="testCases.TestBeCognizant" time="140.671" errors="0" timestamp="2024-04-30T11:16:58 IST" skipped="0">
  <testcase classname="testCases.TestBeCognizant" name="testUser" time="3.446"/>
  <testcase classname="testCases.TestBeCognizant" name="testUser" time="3.334"/>
  <testcase classname="testCases.TestBeCognizant" name="testUserDetails" time="5.341"/>
  <testcase classname="testCases.TestBeCognizant" name="testUserDetails" time="5.380"/>
  <testcase classname="testCases.TestBeCognizant" name="AroundCognizant" time="3.036"/>
  <testcase classname="testCases.TestBeCognizant" name="AroundCognizant" time="2.923"/>
  <testcase classname="testCases.TestBeCognizant" name="seeAllNaviagtion" time="6.060"/>
  <testcase classname="testCases.TestBeCognizant" name="seeAllNaviagtion" time="5.016"/>
  <testcase classname="testCases.TestBeCognizant" name="seeAllNewsHeader" time="52.807"/>
  <testcase classname="testCases.TestBeCognizant" name="seeAllNewsHeader" time="53.328"/>
</testsuite> <!-- testCases.TestBeCognizant -->
